<?xml version="1.0" encoding="UTF-8"?>
<testsuite xmlns:xsi="http://www.w3.org/2001/XMLSchema-instance" xsi:noNamespaceSchemaLocation="https://maven.apache.org/surefire/maven-surefire-plugin/xsd/surefire-test-report-3.0.xsd" version="3.0" name="com.betrybe.wiproTest" time="0.032" tests="1" errors="0" skipped="0" failures="0">
  <properties>
    <property name="awt.toolkit" value="sun.awt.X11.XToolkit"/>
    <property name="java.specification.version" value="11"/>
    <property name="sun.cpu.isalist" value=""/>
    <property name="test.url" value="http://0.0.0.0:8081"/>
    <property name="sun.jnu.encoding" value="UTF-8"/>
    <property name="java.class.path" value="/mnt/c/Users/Vinicius/git/AgroTechfields-measure-shelter/target/test-classes:/mnt/c/Users/Vinicius/git/AgroTechfields-measure-shelter/target/classes:/home/viniciusldn/.m2/repository/io/quarkus/quarkus-resteasy-reactive-jsonb/2.10.2.Final/quarkus-resteasy-reactive-jsonb-2.10.2.Final.jar:/home/viniciusldn/.m2/repository/io/quarkus/resteasy/reactive/resteasy-reactive-jsonb/2.10.2.Final/resteasy-reactive-jsonb-2.10.2.Final.jar:/home/viniciusldn/.m2/repository/io/quarkus/resteasy/reactive/resteasy-reactive/2.10.2.Final/resteasy-reactive-2.10.2.Final.jar:/home/viniciusldn/.m2/repository/org/eclipse/yasson/1.0.11/yasson-1.0.11.jar:/home/viniciusldn/.m2/repository/jakarta/json/bind/jakarta.json.bind-api/1.0.2/jakarta.json.bind-api-1.0.2.jar:/home/viniciusldn/.m2/repository/jakarta/annotation/jakarta.annotation-api/1.3.5/jakarta.annotation-api-1.3.5.jar:/home/viniciusldn/.m2/repository/org/jboss/logging/commons-logging-jboss-logging/1.0.0.Final/commons-logging-jboss-logging-1.0.0.Final.jar:/home/viniciusldn/.m2/repository/org/jboss/logging/jboss-logging/3.5.0.Final/jboss-logging-3.5.0.Final.jar:/home/viniciusldn/.m2/repository/io/quarkus/quarkus-resteasy-reactive-jsonb-common/2.10.2.Final/quarkus-resteasy-reactive-jsonb-common-2.10.2.Final.jar:/home/viniciusldn/.m2/repository/io/quarkus/quarkus-jsonb/2.10.2.Final/quarkus-jsonb-2.10.2.Final.jar:/home/viniciusldn/.m2/repository/io/quarkus/quarkus-mongodb-client/2.10.2.Final/quarkus-mongodb-client-2.10.2.Final.jar:/home/viniciusldn/.m2/repository/io/quarkus/quarkus-core/2.10.2.Final/quarkus-core-2.10.2.Final.jar:/home/viniciusldn/.m2/repository/jakarta/enterprise/jakarta.enterprise.cdi-api/2.0.2/jakarta.enterprise.cdi-api-2.0.2.jar:/home/viniciusldn/.m2/repository/jakarta/el/jakarta.el-api/3.0.3/jakarta.el-api-3.0.3.jar:/home/viniciusldn/.m2/repository/jakarta/interceptor/jakarta.interceptor-api/1.2.5/jakarta.interceptor-api-1.2.5.jar:/home/viniciusldn/.m2/repository/jakarta/inject/jakarta.inject-api/1.0/jakarta.inject-api-1.0.jar:/home/viniciusldn/.m2/repository/io/quarkus/quarkus-ide-launcher/2.10.2.Final/quarkus-ide-launcher-2.10.2.Final.jar:/home/viniciusldn/.m2/repository/io/quarkus/quarkus-development-mode-spi/2.10.2.Final/quarkus-development-mode-spi-2.10.2.Final.jar:/home/viniciusldn/.m2/repository/io/smallrye/config/smallrye-config/2.10.1/smallrye-config-2.10.1.jar:/home/viniciusldn/.m2/repository/io/smallrye/config/smallrye-config-core/2.10.1/smallrye-config-core-2.10.1.jar:/home/viniciusldn/.m2/repository/org/eclipse/microprofile/config/microprofile-config-api/2.0.1/microprofile-config-api-2.0.1.jar:/home/viniciusldn/.m2/repository/io/smallrye/common/smallrye-common-expression/1.13.0/smallrye-common-expression-1.13.0.jar:/home/viniciusldn/.m2/repository/io/smallrye/common/smallrye-common-function/1.13.0/smallrye-common-function-1.13.0.jar:/home/viniciusldn/.m2/repository/io/smallrye/common/smallrye-common-classloader/1.13.0/smallrye-common-classloader-1.13.0.jar:/home/viniciusldn/.m2/repository/io/smallrye/config/smallrye-config-common/2.10.1/smallrye-config-common-2.10.1.jar:/home/viniciusldn/.m2/repository/org/jboss/logmanager/jboss-logmanager-embedded/1.0.10/jboss-logmanager-embedded-1.0.10.jar:/home/viniciusldn/.m2/repository/org/jboss/logging/jboss-logging-annotations/2.2.1.Final/jboss-logging-annotations-2.2.1.Final.jar:/home/viniciusldn/.m2/repository/org/jboss/threads/jboss-threads/3.4.2.Final/jboss-threads-3.4.2.Final.jar:/home/viniciusldn/.m2/repository/org/slf4j/slf4j-api/1.7.36/slf4j-api-1.7.36.jar:/home/viniciusldn/.m2/repository/org/jboss/slf4j/slf4j-jboss-logmanager/1.1.0.Final/slf4j-jboss-logmanager-1.1.0.Final.jar:/home/viniciusldn/.m2/repository/org/graalvm/sdk/graal-sdk/22.1.0/graal-sdk-22.1.0.jar:/home/viniciusldn/.m2/repository/org/wildfly/common/wildfly-common/1.5.4.Final-format-001/wildfly-common-1.5.4.Final-format-001.jar:/home/viniciusldn/.m2/repository/io/quarkus/quarkus-bootstrap-runner/2.10.2.Final/quarkus-bootstrap-runner-2.10.2.Final.jar:/home/viniciusldn/.m2/repository/io/quarkus/quarkus-fs-util/0.0.9/quarkus-fs-util-0.0.9.jar:/home/viniciusldn/.m2/repository/io/quarkus/quarkus-mutiny/2.10.2.Final/quarkus-mutiny-2.10.2.Final.jar:/home/viniciusldn/.m2/repository/io/smallrye/reactive/mutiny/1.6.0/mutiny-1.6.0.jar:/home/viniciusldn/.m2/repository/io/quarkus/quarkus-smallrye-context-propagation/2.10.2.Final/quarkus-smallrye-context-propagation-2.10.2.Final.jar:/home/viniciusldn/.m2/repository/io/smallrye/smallrye-context-propagation/1.2.2/smallrye-context-propagation-1.2.2.jar:/home/viniciusldn/.m2/repository/io/smallrye/smallrye-context-propagation-api/1.2.2/smallrye-context-propagation-api-1.2.2.jar:/home/viniciusldn/.m2/repository/io/smallrye/smallrye-context-propagation-storage/1.2.2/smallrye-context-propagation-storage-1.2.2.jar:/home/viniciusldn/.m2/repository/io/smallrye/reactive/mutiny-smallrye-context-propagation/1.6.0/mutiny-smallrye-context-propagation-1.6.0.jar:/home/viniciusldn/.m2/repository/io/quarkus/quarkus-vertx/2.10.2.Final/quarkus-vertx-2.10.2.Final.jar:/home/viniciusldn/.m2/repository/io/quarkus/quarkus-netty/2.10.2.Final/quarkus-netty-2.10.2.Final.jar:/home/viniciusldn/.m2/repository/io/netty/netty-codec/4.1.74.Final/netty-codec-4.1.74.Final.jar:/home/viniciusldn/.m2/repository/io/netty/netty-common/4.1.74.Final/netty-common-4.1.74.Final.jar:/home/viniciusldn/.m2/repository/io/netty/netty-codec-http/4.1.74.Final/netty-codec-http-4.1.74.Final.jar:/home/viniciusldn/.m2/repository/io/netty/netty-codec-http2/4.1.74.Final/netty-codec-http2-4.1.74.Final.jar:/home/viniciusldn/.m2/repository/io/netty/netty-handler/4.1.74.Final/netty-handler-4.1.74.Final.jar:/home/viniciusldn/.m2/repository/io/netty/netty-resolver/4.1.74.Final/netty-resolver-4.1.74.Final.jar:/home/viniciusldn/.m2/repository/io/netty/netty-tcnative-classes/2.0.48.Final/netty-tcnative-classes-2.0.48.Final.jar:/home/viniciusldn/.m2/repository/io/netty/netty-codec-haproxy/4.1.74.Final/netty-codec-haproxy-4.1.74.Final.jar:/home/viniciusldn/.m2/repository/io/netty/netty-buffer/4.1.74.Final/netty-buffer-4.1.74.Final.jar:/home/viniciusldn/.m2/repository/io/netty/netty-transport/4.1.74.Final/netty-transport-4.1.74.Final.jar:/home/viniciusldn/.m2/repository/io/smallrye/common/smallrye-common-annotation/1.13.0/smallrye-common-annotation-1.13.0.jar:/home/viniciusldn/.m2/repository/io/smallrye/common/smallrye-common-vertx-context/1.13.0/smallrye-common-vertx-context-1.13.0.jar:/home/viniciusldn/.m2/repository/io/vertx/vertx-core/4.2.7/vertx-core-4.2.7.jar:/home/viniciusldn/.m2/repository/io/netty/netty-handler-proxy/4.1.74.Final/netty-handler-proxy-4.1.74.Final.jar:/home/viniciusldn/.m2/repository/io/netty/netty-codec-socks/4.1.74.Final/netty-codec-socks-4.1.74.Final.jar:/home/viniciusldn/.m2/repository/io/netty/netty-resolver-dns/4.1.74.Final/netty-resolver-dns-4.1.74.Final.jar:/home/viniciusldn/.m2/repository/io/netty/netty-codec-dns/4.1.74.Final/netty-codec-dns-4.1.74.Final.jar:/home/viniciusldn/.m2/repository/com/fasterxml/jackson/core/jackson-core/2.13.3/jackson-core-2.13.3.jar:/home/viniciusldn/.m2/repository/io/smallrye/common/smallrye-common-constraint/1.13.0/smallrye-common-constraint-1.13.0.jar:/home/viniciusldn/.m2/repository/io/smallrye/reactive/smallrye-mutiny-vertx-core/2.22.0/smallrye-mutiny-vertx-core-2.22.0.jar:/home/viniciusldn/.m2/repository/io/smallrye/reactive/smallrye-mutiny-vertx-runtime/2.22.0/smallrye-mutiny-vertx-runtime-2.22.0.jar:/home/viniciusldn/.m2/repository/io/smallrye/reactive/vertx-mutiny-generator/2.22.0/vertx-mutiny-generator-2.22.0.jar:/home/viniciusldn/.m2/repository/io/vertx/vertx-codegen/4.2.7/vertx-codegen-4.2.7.jar:/home/viniciusldn/.m2/repository/io/smallrye/smallrye-fault-tolerance-vertx/5.4.1/smallrye-fault-tolerance-vertx-5.4.1.jar:/home/viniciusldn/.m2/repository/io/quarkus/quarkus-mutiny-reactive-streams-operators/2.10.2.Final/quarkus-mutiny-reactive-streams-operators-2.10.2.Final.jar:/home/viniciusldn/.m2/repository/org/eclipse/microprofile/reactive-streams-operators/microprofile-reactive-streams-operators-api/1.0.1/microprofile-reactive-streams-operators-api-1.0.1.jar:/home/viniciusldn/.m2/repository/org/eclipse/microprofile/reactive-streams-operators/microprofile-reactive-streams-operators-core/1.0.1/microprofile-reactive-streams-operators-core-1.0.1.jar:/home/viniciusldn/.m2/repository/io/smallrye/reactive/mutiny-reactive-streams-operators/1.6.0/mutiny-reactive-streams-operators-1.6.0.jar:/home/viniciusldn/.m2/repository/org/mongodb/mongodb-driver-sync/4.3.4/mongodb-driver-sync-4.3.4.jar:/home/viniciusldn/.m2/repository/org/mongodb/bson/4.3.4/bson-4.3.4.jar:/home/viniciusldn/.m2/repository/org/mongodb/mongodb-driver-core/4.3.4/mongodb-driver-core-4.3.4.jar:/home/viniciusldn/.m2/repository/org/mongodb/mongodb-driver-reactivestreams/4.3.4/mongodb-driver-reactivestreams-4.3.4.jar:/home/viniciusldn/.m2/repository/org/reactivestreams/reactive-streams/1.0.3/reactive-streams-1.0.3.jar:/home/viniciusldn/.m2/repository/io/projectreactor/reactor-core/3.2.22.RELEASE/reactor-core-3.2.22.RELEASE.jar:/home/viniciusldn/.m2/repository/org/mongodb/mongodb-crypt/1.2.1/mongodb-crypt-1.2.1.jar:/home/viniciusldn/.m2/repository/net/java/dev/jna/jna/5.8.0/jna-5.8.0.jar:/home/viniciusldn/.m2/repository/io/quarkus/quarkus-container-image-docker/2.10.2.Final/quarkus-container-image-docker-2.10.2.Final.jar:/home/viniciusldn/.m2/repository/io/quarkus/quarkus-container-image/2.10.2.Final/quarkus-container-image-2.10.2.Final.jar:/home/viniciusldn/.m2/repository/io/quarkus/quarkus-mongodb-panache/2.10.2.Final/quarkus-mongodb-panache-2.10.2.Final.jar:/home/viniciusldn/.m2/repository/io/quarkus/quarkus-panache-common/2.10.2.Final/quarkus-panache-common-2.10.2.Final.jar:/home/viniciusldn/.m2/repository/io/quarkus/quarkus-mongodb-panache-common/2.10.2.Final/quarkus-mongodb-panache-common-2.10.2.Final.jar:/home/viniciusldn/.m2/repository/io/quarkus/quarkus-panacheql/2.10.2.Final/quarkus-panacheql-2.10.2.Final.jar:/home/viniciusldn/.m2/repository/org/antlr/antlr4-runtime/4.9.2/antlr4-runtime-4.9.2.jar:/home/viniciusldn/.m2/repository/io/quarkus/quarkus-narayana-jta/2.10.2.Final/quarkus-narayana-jta-2.10.2.Final.jar:/home/viniciusldn/.m2/repository/io/quarkus/quarkus-transaction-annotations/2.10.2.Final/quarkus-transaction-annotations-2.10.2.Final.jar:/home/viniciusldn/.m2/repository/io/smallrye/smallrye-context-propagation-jta/1.2.2/smallrye-context-propagation-jta-1.2.2.jar:/home/viniciusldn/.m2/repository/io/smallrye/reactive/smallrye-reactive-converter-api/2.7.0/smallrye-reactive-converter-api-2.7.0.jar:/home/viniciusldn/.m2/repository/io/smallrye/reactive/smallrye-reactive-converter-mutiny/2.7.0/smallrye-reactive-converter-mutiny-2.7.0.jar:/home/viniciusldn/.m2/repository/org/jboss/narayana/jta/narayana-jta/5.12.6.Final/narayana-jta-5.12.6.Final.jar:/home/viniciusldn/.m2/repository/org/jboss/jboss-transaction-spi/7.6.0.Final/jboss-transaction-spi-7.6.0.Final.jar:/home/viniciusldn/.m2/repository/org/jboss/spec/javax/resource/jboss-connector-api_1.7_spec/1.0.0.Final/jboss-connector-api_1.7_spec-1.0.0.Final.jar:/home/viniciusldn/.m2/repository/org/jboss/narayana/jts/narayana-jts-integration/5.12.6.Final/narayana-jts-integration-5.12.6.Final.jar:/home/viniciusldn/.m2/repository/io/quarkus/quarkus-resteasy-reactive/2.10.2.Final/quarkus-resteasy-reactive-2.10.2.Final.jar:/home/viniciusldn/.m2/repository/io/quarkus/quarkus-resteasy-reactive-common/2.10.2.Final/quarkus-resteasy-reactive-common-2.10.2.Final.jar:/home/viniciusldn/.m2/repository/io/quarkus/resteasy/reactive/resteasy-reactive-common/2.10.2.Final/resteasy-reactive-common-2.10.2.Final.jar:/home/viniciusldn/.m2/repository/io/quarkus/resteasy/reactive/resteasy-reactive-vertx/2.10.2.Final/resteasy-reactive-vertx-2.10.2.Final.jar:/home/viniciusldn/.m2/repository/io/vertx/vertx-web/4.2.7/vertx-web-4.2.7.jar:/home/viniciusldn/.m2/repository/io/vertx/vertx-web-common/4.2.7/vertx-web-common-4.2.7.jar:/home/viniciusldn/.m2/repository/io/vertx/vertx-auth-common/4.2.7/vertx-auth-common-4.2.7.jar:/home/viniciusldn/.m2/repository/io/vertx/vertx-bridge-common/4.2.7/vertx-bridge-common-4.2.7.jar:/home/viniciusldn/.m2/repository/org/jboss/spec/javax/ws/rs/jboss-jaxrs-api_2.1_spec/2.0.1.Final/jboss-jaxrs-api_2.1_spec-2.0.1.Final.jar:/home/viniciusldn/.m2/repository/io/quarkus/quarkus-vertx-http/2.10.2.Final/quarkus-vertx-http-2.10.2.Final.jar:/home/viniciusldn/.m2/repository/io/quarkus/quarkus-security-runtime-spi/2.10.2.Final/quarkus-security-runtime-spi-2.10.2.Final.jar:/home/viniciusldn/.m2/repository/io/quarkus/quarkus-vertx-http-dev-console-runtime-spi/2.10.2.Final/quarkus-vertx-http-dev-console-runtime-spi-2.10.2.Final.jar:/home/viniciusldn/.m2/repository/io/quarkus/security/quarkus-security/1.1.4.Final/quarkus-security-1.1.4.Final.jar:/home/viniciusldn/.m2/repository/io/smallrye/reactive/smallrye-mutiny-vertx-web/2.22.0/smallrye-mutiny-vertx-web-2.22.0.jar:/home/viniciusldn/.m2/repository/io/smallrye/reactive/smallrye-mutiny-vertx-web-common/2.22.0/smallrye-mutiny-vertx-web-common-2.22.0.jar:/home/viniciusldn/.m2/repository/io/smallrye/reactive/smallrye-mutiny-vertx-auth-common/2.22.0/smallrye-mutiny-vertx-auth-common-2.22.0.jar:/home/viniciusldn/.m2/repository/io/smallrye/reactive/smallrye-mutiny-vertx-bridge-common/2.22.0/smallrye-mutiny-vertx-bridge-common-2.22.0.jar:/home/viniciusldn/.m2/repository/io/github/crac/org-crac/0.1.1/org-crac-0.1.1.jar:/home/viniciusldn/.m2/repository/io/quarkus/quarkus-jsonp/2.10.2.Final/quarkus-jsonp-2.10.2.Final.jar:/home/viniciusldn/.m2/repository/org/glassfish/jakarta.json/1.1.6/jakarta.json-1.1.6.jar:/home/viniciusldn/.m2/repository/io/quarkus/quarkus-arc/2.10.2.Final/quarkus-arc-2.10.2.Final.jar:/home/viniciusldn/.m2/repository/io/quarkus/arc/arc/2.10.2.Final/arc-2.10.2.Final.jar:/home/viniciusldn/.m2/repository/jakarta/transaction/jakarta.transaction-api/1.3.3/jakarta.transaction-api-1.3.3.jar:/home/viniciusldn/.m2/repository/org/eclipse/microprofile/context-propagation/microprofile-context-propagation-api/1.2/microprofile-context-propagation-api-1.2.jar:/home/viniciusldn/.m2/repository/io/quarkus/quarkus-junit5/2.10.2.Final/quarkus-junit5-2.10.2.Final.jar:/home/viniciusldn/.m2/repository/io/quarkus/quarkus-bootstrap-core/2.10.2.Final/quarkus-bootstrap-core-2.10.2.Final.jar:/home/viniciusldn/.m2/repository/io/quarkus/quarkus-bootstrap-app-model/2.10.2.Final/quarkus-bootstrap-app-model-2.10.2.Final.jar:/home/viniciusldn/.m2/repository/io/quarkus/quarkus-bootstrap-maven-resolver/2.10.2.Final/quarkus-bootstrap-maven-resolver-2.10.2.Final.jar:/home/viniciusldn/.m2/repository/org/apache/maven/maven-embedder/3.8.4/maven-embedder-3.8.4.jar:/home/viniciusldn/.m2/repository/org/apache/maven/maven-settings/3.8.4/maven-settings-3.8.4.jar:/home/viniciusldn/.m2/repository/org/apache/maven/maven-core/3.8.4/maven-core-3.8.4.jar:/home/viniciusldn/.m2/repository/org/apache/maven/maven-artifact/3.8.4/maven-artifact-3.8.4.jar:/home/viniciusldn/.m2/repository/org/codehaus/plexus/plexus-component-annotations/2.1.0/plexus-component-annotations-2.1.0.jar:/home/viniciusldn/.m2/repository/org/apache/maven/maven-plugin-api/3.8.4/maven-plugin-api-3.8.4.jar:/home/viniciusldn/.m2/repository/org/apache/maven/maven-model/3.8.4/maven-model-3.8.4.jar:/home/viniciusldn/.m2/repository/org/apache/maven/maven-model-builder/3.8.4/maven-model-builder-3.8.4.jar:/home/viniciusldn/.m2/repository/org/apache/maven/maven-builder-support/3.8.4/maven-builder-support-3.8.4.jar:/home/viniciusldn/.m2/repository/org/apache/maven/resolver/maven-resolver-api/1.6.3/maven-resolver-api-1.6.3.jar:/home/viniciusldn/.m2/repository/org/apache/maven/resolver/maven-resolver-util/1.6.3/maven-resolver-util-1.6.3.jar:/home/viniciusldn/.m2/repository/org/apache/maven/shared/maven-shared-utils/3.3.4/maven-shared-utils-3.3.4.jar:/home/viniciusldn/.m2/repository/commons-io/commons-io/2.11.0/commons-io-2.11.0.jar:/home/viniciusldn/.m2/repository/com/google/inject/guice/4.2.2/guice-4.2.2-no_aop.jar:/home/viniciusldn/.m2/repository/com/google/guava/guava/31.1-jre/guava-31.1-jre.jar:/home/viniciusldn/.m2/repository/com/google/guava/failureaccess/1.0.1/failureaccess-1.0.1.jar:/home/viniciusldn/.m2/repository/org/codehaus/plexus/plexus-classworlds/2.6.0/plexus-classworlds-2.6.0.jar:/home/viniciusldn/.m2/repository/org/codehaus/plexus/plexus-sec-dispatcher/2.0/plexus-sec-dispatcher-2.0.jar:/home/viniciusldn/.m2/repository/org/codehaus/plexus/plexus-cipher/2.0/plexus-cipher-2.0.jar:/home/viniciusldn/.m2/repository/commons-cli/commons-cli/1.4/commons-cli-1.4.jar:/home/viniciusldn/.m2/repository/org/eclipse/sisu/org.eclipse.sisu.plexus/0.3.5/org.eclipse.sisu.plexus-0.3.5.jar:/home/viniciusldn/.m2/repository/org/apache/maven/maven-settings-builder/3.8.4/maven-settings-builder-3.8.4.jar:/home/viniciusldn/.m2/repository/org/codehaus/plexus/plexus-interpolation/1.26/plexus-interpolation-1.26.jar:/home/viniciusldn/.m2/repository/org/apache/maven/maven-resolver-provider/3.8.4/maven-resolver-provider-3.8.4.jar:/home/viniciusldn/.m2/repository/org/apache/maven/maven-repository-metadata/3.8.4/maven-repository-metadata-3.8.4.jar:/home/viniciusldn/.m2/repository/org/apache/maven/resolver/maven-resolver-spi/1.6.3/maven-resolver-spi-1.6.3.jar:/home/viniciusldn/.m2/repository/org/apache/maven/resolver/maven-resolver-impl/1.6.3/maven-resolver-impl-1.6.3.jar:/home/viniciusldn/.m2/repository/org/codehaus/plexus/plexus-utils/3.3.0/plexus-utils-3.3.0.jar:/home/viniciusldn/.m2/repository/org/apache/maven/resolver/maven-resolver-connector-basic/1.6.3/maven-resolver-connector-basic-1.6.3.jar:/home/viniciusldn/.m2/repository/org/apache/maven/resolver/maven-resolver-transport-wagon/1.6.3/maven-resolver-transport-wagon-1.6.3.jar:/home/viniciusldn/.m2/repository/org/apache/maven/wagon/wagon-http/3.4.3/wagon-http-3.4.3.jar:/home/viniciusldn/.m2/repository/org/apache/maven/wagon/wagon-http-shared/3.4.3/wagon-http-shared-3.4.3.jar:/home/viniciusldn/.m2/repository/org/jsoup/jsoup/1.14.2/jsoup-1.14.2.jar:/home/viniciusldn/.m2/repository/org/apache/maven/wagon/wagon-provider-api/3.4.3/wagon-provider-api-3.4.3.jar:/home/viniciusldn/.m2/repository/org/apache/maven/wagon/wagon-file/3.4.3/wagon-file-3.4.3.jar:/home/viniciusldn/.m2/repository/io/quarkus/quarkus-bootstrap-gradle-resolver/2.10.2.Final/quarkus-bootstrap-gradle-resolver-2.10.2.Final.jar:/home/viniciusldn/.m2/repository/io/smallrye/common/smallrye-common-io/1.13.0/smallrye-common-io-1.13.0.jar:/home/viniciusldn/.m2/repository/org/eclipse/sisu/org.eclipse.sisu.inject/0.3.5/org.eclipse.sisu.inject-0.3.5.jar:/home/viniciusldn/.m2/repository/io/quarkus/quarkus-test-common/2.10.2.Final/quarkus-test-common-2.10.2.Final.jar:/home/viniciusldn/.m2/repository/io/quarkus/quarkus-core-deployment/2.10.2.Final/quarkus-core-deployment-2.10.2.Final.jar:/home/viniciusldn/.m2/repository/org/aesh/readline/2.2/readline-2.2.jar:/home/viniciusldn/.m2/repository/org/fusesource/jansi/jansi/1.18/jansi-1.18.jar:/home/viniciusldn/.m2/repository/org/aesh/aesh/2.6/aesh-2.6.jar:/home/viniciusldn/.m2/repository/io/quarkus/gizmo/gizmo/1.0.11.Final/gizmo-1.0.11.Final.jar:/home/viniciusldn/.m2/repository/org/ow2/asm/asm-util/9.3/asm-util-9.3.jar:/home/viniciusldn/.m2/repository/org/ow2/asm/asm/9.3/asm-9.3.jar:/home/viniciusldn/.m2/repository/org/ow2/asm/asm-commons/9.3/asm-commons-9.3.jar:/home/viniciusldn/.m2/repository/org/ow2/asm/asm-tree/9.3/asm-tree-9.3.jar:/home/viniciusldn/.m2/repository/org/ow2/asm/asm-analysis/9.3/asm-analysis-9.3.jar:/home/viniciusldn/.m2/repository/io/quarkus/quarkus-class-change-agent/2.10.2.Final/quarkus-class-change-agent-2.10.2.Final.jar:/home/viniciusldn/.m2/repository/io/quarkus/quarkus-devtools-utilities/2.10.2.Final/quarkus-devtools-utilities-2.10.2.Final.jar:/home/viniciusldn/.m2/repository/io/quarkus/quarkus-builder/2.10.2.Final/quarkus-builder-2.10.2.Final.jar:/home/viniciusldn/.m2/repository/org/junit/platform/junit-platform-launcher/1.8.2/junit-platform-launcher-1.8.2.jar:/home/viniciusldn/.m2/repository/org/jboss/jandex/2.4.2.Final/jandex-2.4.2.Final.jar:/home/viniciusldn/.m2/repository/io/quarkus/quarkus-junit5-properties/2.10.2.Final/quarkus-junit5-properties-2.10.2.Final.jar:/home/viniciusldn/.m2/repository/org/junit/jupiter/junit-jupiter/5.8.2/junit-jupiter-5.8.2.jar:/home/viniciusldn/.m2/repository/org/junit/jupiter/junit-jupiter-api/5.8.2/junit-jupiter-api-5.8.2.jar:/home/viniciusldn/.m2/repository/org/opentest4j/opentest4j/1.2.0/opentest4j-1.2.0.jar:/home/viniciusldn/.m2/repository/org/junit/platform/junit-platform-commons/1.8.2/junit-platform-commons-1.8.2.jar:/home/viniciusldn/.m2/repository/org/apiguardian/apiguardian-api/1.1.2/apiguardian-api-1.1.2.jar:/home/viniciusldn/.m2/repository/org/junit/jupiter/junit-jupiter-params/5.8.2/junit-jupiter-params-5.8.2.jar:/home/viniciusldn/.m2/repository/org/junit/jupiter/junit-jupiter-engine/5.8.2/junit-jupiter-engine-5.8.2.jar:/home/viniciusldn/.m2/repository/org/junit/platform/junit-platform-engine/1.8.2/junit-platform-engine-1.8.2.jar:/home/viniciusldn/.m2/repository/com/thoughtworks/xstream/xstream/1.4.19/xstream-1.4.19.jar:/home/viniciusldn/.m2/repository/io/github/x-stream/mxparser/1.2.2/mxparser-1.2.2.jar:/home/viniciusldn/.m2/repository/xmlpull/xmlpull/1.1.3.1/xmlpull-1.1.3.1.jar:/home/viniciusldn/.m2/repository/io/rest-assured/rest-assured/4.5.1/rest-assured-4.5.1.jar:/home/viniciusldn/.m2/repository/org/codehaus/groovy/groovy/3.0.9/groovy-3.0.9.jar:/home/viniciusldn/.m2/repository/org/codehaus/groovy/groovy-xml/3.0.9/groovy-xml-3.0.9.jar:/home/viniciusldn/.m2/repository/org/apache/httpcomponents/httpclient/4.5.13/httpclient-4.5.13.jar:/home/viniciusldn/.m2/repository/org/apache/httpcomponents/httpcore/4.4.15/httpcore-4.4.15.jar:/home/viniciusldn/.m2/repository/commons-codec/commons-codec/1.15/commons-codec-1.15.jar:/home/viniciusldn/.m2/repository/org/apache/httpcomponents/httpmime/4.5.13/httpmime-4.5.13.jar:/home/viniciusldn/.m2/repository/org/hamcrest/hamcrest/2.1/hamcrest-2.1.jar:/home/viniciusldn/.m2/repository/org/ccil/cowan/tagsoup/tagsoup/1.2.1/tagsoup-1.2.1.jar:/home/viniciusldn/.m2/repository/io/rest-assured/json-path/4.5.1/json-path-4.5.1.jar:/home/viniciusldn/.m2/repository/org/codehaus/groovy/groovy-json/3.0.9/groovy-json-3.0.9.jar:/home/viniciusldn/.m2/repository/io/rest-assured/rest-assured-common/4.5.1/rest-assured-common-4.5.1.jar:/home/viniciusldn/.m2/repository/io/rest-assured/xml-path/4.5.1/xml-path-4.5.1.jar:/home/viniciusldn/.m2/repository/org/apache/commons/commons-lang3/3.12.0/commons-lang3-3.12.0.jar:"/>
    <property name="java.vm.vendor" value="Ubuntu"/>
    <property name="sun.arch.data.model" value="64"/>
    <property name="java.vendor.url" value="https://ubuntu.com/"/>
    <property name="user.timezone" value="America/Sao_Paulo"/>
    <property name="java.vm.specification.version" value="11"/>
    <property name="os.name" value="Linux"/>
    <property name="sun.java.launcher" value="SUN_STANDARD"/>
    <property name="sun.boot.library.path" value="/usr/lib/jvm/java-11-openjdk-amd64/lib"/>
    <property name="sun.java.command" value="/mnt/c/Users/Vinicius/git/AgroTechfields-measure-shelter/target/surefire/surefirebooter-20220717101251904_3.jar /mnt/c/Users/Vinicius/git/AgroTechfields-measure-shelter/target/surefire 2022-07-17T10-12-51_417-jvmRun1 surefire-20220717101251904_1tmp surefire_0-20220717101251904_2tmp"/>
    <property name="maven.home" value="/mnt/c/Program Files/Maven/apache-maven-3.8.5"/>
    <property name="jdk.debug" value="release"/>
    <property name="surefire.test.class.path" value="/mnt/c/Users/Vinicius/git/AgroTechfields-measure-shelter/target/test-classes:/mnt/c/Users/Vinicius/git/AgroTechfields-measure-shelter/target/classes:/home/viniciusldn/.m2/repository/io/quarkus/quarkus-resteasy-reactive-jsonb/2.10.2.Final/quarkus-resteasy-reactive-jsonb-2.10.2.Final.jar:/home/viniciusldn/.m2/repository/io/quarkus/resteasy/reactive/resteasy-reactive-jsonb/2.10.2.Final/resteasy-reactive-jsonb-2.10.2.Final.jar:/home/viniciusldn/.m2/repository/io/quarkus/resteasy/reactive/resteasy-reactive/2.10.2.Final/resteasy-reactive-2.10.2.Final.jar:/home/viniciusldn/.m2/repository/org/eclipse/yasson/1.0.11/yasson-1.0.11.jar:/home/viniciusldn/.m2/repository/jakarta/json/bind/jakarta.json.bind-api/1.0.2/jakarta.json.bind-api-1.0.2.jar:/home/viniciusldn/.m2/repository/jakarta/annotation/jakarta.annotation-api/1.3.5/jakarta.annotation-api-1.3.5.jar:/home/viniciusldn/.m2/repository/org/jboss/logging/commons-logging-jboss-logging/1.0.0.Final/commons-logging-jboss-logging-1.0.0.Final.jar:/home/viniciusldn/.m2/repository/org/jboss/logging/jboss-logging/3.5.0.Final/jboss-logging-3.5.0.Final.jar:/home/viniciusldn/.m2/repository/io/quarkus/quarkus-resteasy-reactive-jsonb-common/2.10.2.Final/quarkus-resteasy-reactive-jsonb-common-2.10.2.Final.jar:/home/viniciusldn/.m2/repository/io/quarkus/quarkus-jsonb/2.10.2.Final/quarkus-jsonb-2.10.2.Final.jar:/home/viniciusldn/.m2/repository/io/quarkus/quarkus-mongodb-client/2.10.2.Final/quarkus-mongodb-client-2.10.2.Final.jar:/home/viniciusldn/.m2/repository/io/quarkus/quarkus-core/2.10.2.Final/quarkus-core-2.10.2.Final.jar:/home/viniciusldn/.m2/repository/jakarta/enterprise/jakarta.enterprise.cdi-api/2.0.2/jakarta.enterprise.cdi-api-2.0.2.jar:/home/viniciusldn/.m2/repository/jakarta/el/jakarta.el-api/3.0.3/jakarta.el-api-3.0.3.jar:/home/viniciusldn/.m2/repository/jakarta/interceptor/jakarta.interceptor-api/1.2.5/jakarta.interceptor-api-1.2.5.jar:/home/viniciusldn/.m2/repository/jakarta/inject/jakarta.inject-api/1.0/jakarta.inject-api-1.0.jar:/home/viniciusldn/.m2/repository/io/quarkus/quarkus-ide-launcher/2.10.2.Final/quarkus-ide-launcher-2.10.2.Final.jar:/home/viniciusldn/.m2/repository/io/quarkus/quarkus-development-mode-spi/2.10.2.Final/quarkus-development-mode-spi-2.10.2.Final.jar:/home/viniciusldn/.m2/repository/io/smallrye/config/smallrye-config/2.10.1/smallrye-config-2.10.1.jar:/home/viniciusldn/.m2/repository/io/smallrye/config/smallrye-config-core/2.10.1/smallrye-config-core-2.10.1.jar:/home/viniciusldn/.m2/repository/org/eclipse/microprofile/config/microprofile-config-api/2.0.1/microprofile-config-api-2.0.1.jar:/home/viniciusldn/.m2/repository/io/smallrye/common/smallrye-common-expression/1.13.0/smallrye-common-expression-1.13.0.jar:/home/viniciusldn/.m2/repository/io/smallrye/common/smallrye-common-function/1.13.0/smallrye-common-function-1.13.0.jar:/home/viniciusldn/.m2/repository/io/smallrye/common/smallrye-common-classloader/1.13.0/smallrye-common-classloader-1.13.0.jar:/home/viniciusldn/.m2/repository/io/smallrye/config/smallrye-config-common/2.10.1/smallrye-config-common-2.10.1.jar:/home/viniciusldn/.m2/repository/org/jboss/logmanager/jboss-logmanager-embedded/1.0.10/jboss-logmanager-embedded-1.0.10.jar:/home/viniciusldn/.m2/repository/org/jboss/logging/jboss-logging-annotations/2.2.1.Final/jboss-logging-annotations-2.2.1.Final.jar:/home/viniciusldn/.m2/repository/org/jboss/threads/jboss-threads/3.4.2.Final/jboss-threads-3.4.2.Final.jar:/home/viniciusldn/.m2/repository/org/slf4j/slf4j-api/1.7.36/slf4j-api-1.7.36.jar:/home/viniciusldn/.m2/repository/org/jboss/slf4j/slf4j-jboss-logmanager/1.1.0.Final/slf4j-jboss-logmanager-1.1.0.Final.jar:/home/viniciusldn/.m2/repository/org/graalvm/sdk/graal-sdk/22.1.0/graal-sdk-22.1.0.jar:/home/viniciusldn/.m2/repository/org/wildfly/common/wildfly-common/1.5.4.Final-format-001/wildfly-common-1.5.4.Final-format-001.jar:/home/viniciusldn/.m2/repository/io/quarkus/quarkus-bootstrap-runner/2.10.2.Final/quarkus-bootstrap-runner-2.10.2.Final.jar:/home/viniciusldn/.m2/repository/io/quarkus/quarkus-fs-util/0.0.9/quarkus-fs-util-0.0.9.jar:/home/viniciusldn/.m2/repository/io/quarkus/quarkus-mutiny/2.10.2.Final/quarkus-mutiny-2.10.2.Final.jar:/home/viniciusldn/.m2/repository/io/smallrye/reactive/mutiny/1.6.0/mutiny-1.6.0.jar:/home/viniciusldn/.m2/repository/io/quarkus/quarkus-smallrye-context-propagation/2.10.2.Final/quarkus-smallrye-context-propagation-2.10.2.Final.jar:/home/viniciusldn/.m2/repository/io/smallrye/smallrye-context-propagation/1.2.2/smallrye-context-propagation-1.2.2.jar:/home/viniciusldn/.m2/repository/io/smallrye/smallrye-context-propagation-api/1.2.2/smallrye-context-propagation-api-1.2.2.jar:/home/viniciusldn/.m2/repository/io/smallrye/smallrye-context-propagation-storage/1.2.2/smallrye-context-propagation-storage-1.2.2.jar:/home/viniciusldn/.m2/repository/io/smallrye/reactive/mutiny-smallrye-context-propagation/1.6.0/mutiny-smallrye-context-propagation-1.6.0.jar:/home/viniciusldn/.m2/repository/io/quarkus/quarkus-vertx/2.10.2.Final/quarkus-vertx-2.10.2.Final.jar:/home/viniciusldn/.m2/repository/io/quarkus/quarkus-netty/2.10.2.Final/quarkus-netty-2.10.2.Final.jar:/home/viniciusldn/.m2/repository/io/netty/netty-codec/4.1.74.Final/netty-codec-4.1.74.Final.jar:/home/viniciusldn/.m2/repository/io/netty/netty-common/4.1.74.Final/netty-common-4.1.74.Final.jar:/home/viniciusldn/.m2/repository/io/netty/netty-codec-http/4.1.74.Final/netty-codec-http-4.1.74.Final.jar:/home/viniciusldn/.m2/repository/io/netty/netty-codec-http2/4.1.74.Final/netty-codec-http2-4.1.74.Final.jar:/home/viniciusldn/.m2/repository/io/netty/netty-handler/4.1.74.Final/netty-handler-4.1.74.Final.jar:/home/viniciusldn/.m2/repository/io/netty/netty-resolver/4.1.74.Final/netty-resolver-4.1.74.Final.jar:/home/viniciusldn/.m2/repository/io/netty/netty-tcnative-classes/2.0.48.Final/netty-tcnative-classes-2.0.48.Final.jar:/home/viniciusldn/.m2/repository/io/netty/netty-codec-haproxy/4.1.74.Final/netty-codec-haproxy-4.1.74.Final.jar:/home/viniciusldn/.m2/repository/io/netty/netty-buffer/4.1.74.Final/netty-buffer-4.1.74.Final.jar:/home/viniciusldn/.m2/repository/io/netty/netty-transport/4.1.74.Final/netty-transport-4.1.74.Final.jar:/home/viniciusldn/.m2/repository/io/smallrye/common/smallrye-common-annotation/1.13.0/smallrye-common-annotation-1.13.0.jar:/home/viniciusldn/.m2/repository/io/smallrye/common/smallrye-common-vertx-context/1.13.0/smallrye-common-vertx-context-1.13.0.jar:/home/viniciusldn/.m2/repository/io/vertx/vertx-core/4.2.7/vertx-core-4.2.7.jar:/home/viniciusldn/.m2/repository/io/netty/netty-handler-proxy/4.1.74.Final/netty-handler-proxy-4.1.74.Final.jar:/home/viniciusldn/.m2/repository/io/netty/netty-codec-socks/4.1.74.Final/netty-codec-socks-4.1.74.Final.jar:/home/viniciusldn/.m2/repository/io/netty/netty-resolver-dns/4.1.74.Final/netty-resolver-dns-4.1.74.Final.jar:/home/viniciusldn/.m2/repository/io/netty/netty-codec-dns/4.1.74.Final/netty-codec-dns-4.1.74.Final.jar:/home/viniciusldn/.m2/repository/com/fasterxml/jackson/core/jackson-core/2.13.3/jackson-core-2.13.3.jar:/home/viniciusldn/.m2/repository/io/smallrye/common/smallrye-common-constraint/1.13.0/smallrye-common-constraint-1.13.0.jar:/home/viniciusldn/.m2/repository/io/smallrye/reactive/smallrye-mutiny-vertx-core/2.22.0/smallrye-mutiny-vertx-core-2.22.0.jar:/home/viniciusldn/.m2/repository/io/smallrye/reactive/smallrye-mutiny-vertx-runtime/2.22.0/smallrye-mutiny-vertx-runtime-2.22.0.jar:/home/viniciusldn/.m2/repository/io/smallrye/reactive/vertx-mutiny-generator/2.22.0/vertx-mutiny-generator-2.22.0.jar:/home/viniciusldn/.m2/repository/io/vertx/vertx-codegen/4.2.7/vertx-codegen-4.2.7.jar:/home/viniciusldn/.m2/repository/io/smallrye/smallrye-fault-tolerance-vertx/5.4.1/smallrye-fault-tolerance-vertx-5.4.1.jar:/home/viniciusldn/.m2/repository/io/quarkus/quarkus-mutiny-reactive-streams-operators/2.10.2.Final/quarkus-mutiny-reactive-streams-operators-2.10.2.Final.jar:/home/viniciusldn/.m2/repository/org/eclipse/microprofile/reactive-streams-operators/microprofile-reactive-streams-operators-api/1.0.1/microprofile-reactive-streams-operators-api-1.0.1.jar:/home/viniciusldn/.m2/repository/org/eclipse/microprofile/reactive-streams-operators/microprofile-reactive-streams-operators-core/1.0.1/microprofile-reactive-streams-operators-core-1.0.1.jar:/home/viniciusldn/.m2/repository/io/smallrye/reactive/mutiny-reactive-streams-operators/1.6.0/mutiny-reactive-streams-operators-1.6.0.jar:/home/viniciusldn/.m2/repository/org/mongodb/mongodb-driver-sync/4.3.4/mongodb-driver-sync-4.3.4.jar:/home/viniciusldn/.m2/repository/org/mongodb/bson/4.3.4/bson-4.3.4.jar:/home/viniciusldn/.m2/repository/org/mongodb/mongodb-driver-core/4.3.4/mongodb-driver-core-4.3.4.jar:/home/viniciusldn/.m2/repository/org/mongodb/mongodb-driver-reactivestreams/4.3.4/mongodb-driver-reactivestreams-4.3.4.jar:/home/viniciusldn/.m2/repository/org/reactivestreams/reactive-streams/1.0.3/reactive-streams-1.0.3.jar:/home/viniciusldn/.m2/repository/io/projectreactor/reactor-core/3.2.22.RELEASE/reactor-core-3.2.22.RELEASE.jar:/home/viniciusldn/.m2/repository/org/mongodb/mongodb-crypt/1.2.1/mongodb-crypt-1.2.1.jar:/home/viniciusldn/.m2/repository/net/java/dev/jna/jna/5.8.0/jna-5.8.0.jar:/home/viniciusldn/.m2/repository/io/quarkus/quarkus-container-image-docker/2.10.2.Final/quarkus-container-image-docker-2.10.2.Final.jar:/home/viniciusldn/.m2/repository/io/quarkus/quarkus-container-image/2.10.2.Final/quarkus-container-image-2.10.2.Final.jar:/home/viniciusldn/.m2/repository/io/quarkus/quarkus-mongodb-panache/2.10.2.Final/quarkus-mongodb-panache-2.10.2.Final.jar:/home/viniciusldn/.m2/repository/io/quarkus/quarkus-panache-common/2.10.2.Final/quarkus-panache-common-2.10.2.Final.jar:/home/viniciusldn/.m2/repository/io/quarkus/quarkus-mongodb-panache-common/2.10.2.Final/quarkus-mongodb-panache-common-2.10.2.Final.jar:/home/viniciusldn/.m2/repository/io/quarkus/quarkus-panacheql/2.10.2.Final/quarkus-panacheql-2.10.2.Final.jar:/home/viniciusldn/.m2/repository/org/antlr/antlr4-runtime/4.9.2/antlr4-runtime-4.9.2.jar:/home/viniciusldn/.m2/repository/io/quarkus/quarkus-narayana-jta/2.10.2.Final/quarkus-narayana-jta-2.10.2.Final.jar:/home/viniciusldn/.m2/repository/io/quarkus/quarkus-transaction-annotations/2.10.2.Final/quarkus-transaction-annotations-2.10.2.Final.jar:/home/viniciusldn/.m2/repository/io/smallrye/smallrye-context-propagation-jta/1.2.2/smallrye-context-propagation-jta-1.2.2.jar:/home/viniciusldn/.m2/repository/io/smallrye/reactive/smallrye-reactive-converter-api/2.7.0/smallrye-reactive-converter-api-2.7.0.jar:/home/viniciusldn/.m2/repository/io/smallrye/reactive/smallrye-reactive-converter-mutiny/2.7.0/smallrye-reactive-converter-mutiny-2.7.0.jar:/home/viniciusldn/.m2/repository/org/jboss/narayana/jta/narayana-jta/5.12.6.Final/narayana-jta-5.12.6.Final.jar:/home/viniciusldn/.m2/repository/org/jboss/jboss-transaction-spi/7.6.0.Final/jboss-transaction-spi-7.6.0.Final.jar:/home/viniciusldn/.m2/repository/org/jboss/spec/javax/resource/jboss-connector-api_1.7_spec/1.0.0.Final/jboss-connector-api_1.7_spec-1.0.0.Final.jar:/home/viniciusldn/.m2/repository/org/jboss/narayana/jts/narayana-jts-integration/5.12.6.Final/narayana-jts-integration-5.12.6.Final.jar:/home/viniciusldn/.m2/repository/io/quarkus/quarkus-resteasy-reactive/2.10.2.Final/quarkus-resteasy-reactive-2.10.2.Final.jar:/home/viniciusldn/.m2/repository/io/quarkus/quarkus-resteasy-reactive-common/2.10.2.Final/quarkus-resteasy-reactive-common-2.10.2.Final.jar:/home/viniciusldn/.m2/repository/io/quarkus/resteasy/reactive/resteasy-reactive-common/2.10.2.Final/resteasy-reactive-common-2.10.2.Final.jar:/home/viniciusldn/.m2/repository/io/quarkus/resteasy/reactive/resteasy-reactive-vertx/2.10.2.Final/resteasy-reactive-vertx-2.10.2.Final.jar:/home/viniciusldn/.m2/repository/io/vertx/vertx-web/4.2.7/vertx-web-4.2.7.jar:/home/viniciusldn/.m2/repository/io/vertx/vertx-web-common/4.2.7/vertx-web-common-4.2.7.jar:/home/viniciusldn/.m2/repository/io/vertx/vertx-auth-common/4.2.7/vertx-auth-common-4.2.7.jar:/home/viniciusldn/.m2/repository/io/vertx/vertx-bridge-common/4.2.7/vertx-bridge-common-4.2.7.jar:/home/viniciusldn/.m2/repository/org/jboss/spec/javax/ws/rs/jboss-jaxrs-api_2.1_spec/2.0.1.Final/jboss-jaxrs-api_2.1_spec-2.0.1.Final.jar:/home/viniciusldn/.m2/repository/io/quarkus/quarkus-vertx-http/2.10.2.Final/quarkus-vertx-http-2.10.2.Final.jar:/home/viniciusldn/.m2/repository/io/quarkus/quarkus-security-runtime-spi/2.10.2.Final/quarkus-security-runtime-spi-2.10.2.Final.jar:/home/viniciusldn/.m2/repository/io/quarkus/quarkus-vertx-http-dev-console-runtime-spi/2.10.2.Final/quarkus-vertx-http-dev-console-runtime-spi-2.10.2.Final.jar:/home/viniciusldn/.m2/repository/io/quarkus/security/quarkus-security/1.1.4.Final/quarkus-security-1.1.4.Final.jar:/home/viniciusldn/.m2/repository/io/smallrye/reactive/smallrye-mutiny-vertx-web/2.22.0/smallrye-mutiny-vertx-web-2.22.0.jar:/home/viniciusldn/.m2/repository/io/smallrye/reactive/smallrye-mutiny-vertx-web-common/2.22.0/smallrye-mutiny-vertx-web-common-2.22.0.jar:/home/viniciusldn/.m2/repository/io/smallrye/reactive/smallrye-mutiny-vertx-auth-common/2.22.0/smallrye-mutiny-vertx-auth-common-2.22.0.jar:/home/viniciusldn/.m2/repository/io/smallrye/reactive/smallrye-mutiny-vertx-bridge-common/2.22.0/smallrye-mutiny-vertx-bridge-common-2.22.0.jar:/home/viniciusldn/.m2/repository/io/github/crac/org-crac/0.1.1/org-crac-0.1.1.jar:/home/viniciusldn/.m2/repository/io/quarkus/quarkus-jsonp/2.10.2.Final/quarkus-jsonp-2.10.2.Final.jar:/home/viniciusldn/.m2/repository/org/glassfish/jakarta.json/1.1.6/jakarta.json-1.1.6.jar:/home/viniciusldn/.m2/repository/io/quarkus/quarkus-arc/2.10.2.Final/quarkus-arc-2.10.2.Final.jar:/home/viniciusldn/.m2/repository/io/quarkus/arc/arc/2.10.2.Final/arc-2.10.2.Final.jar:/home/viniciusldn/.m2/repository/jakarta/transaction/jakarta.transaction-api/1.3.3/jakarta.transaction-api-1.3.3.jar:/home/viniciusldn/.m2/repository/org/eclipse/microprofile/context-propagation/microprofile-context-propagation-api/1.2/microprofile-context-propagation-api-1.2.jar:/home/viniciusldn/.m2/repository/io/quarkus/quarkus-junit5/2.10.2.Final/quarkus-junit5-2.10.2.Final.jar:/home/viniciusldn/.m2/repository/io/quarkus/quarkus-bootstrap-core/2.10.2.Final/quarkus-bootstrap-core-2.10.2.Final.jar:/home/viniciusldn/.m2/repository/io/quarkus/quarkus-bootstrap-app-model/2.10.2.Final/quarkus-bootstrap-app-model-2.10.2.Final.jar:/home/viniciusldn/.m2/repository/io/quarkus/quarkus-bootstrap-maven-resolver/2.10.2.Final/quarkus-bootstrap-maven-resolver-2.10.2.Final.jar:/home/viniciusldn/.m2/repository/org/apache/maven/maven-embedder/3.8.4/maven-embedder-3.8.4.jar:/home/viniciusldn/.m2/repository/org/apache/maven/maven-settings/3.8.4/maven-settings-3.8.4.jar:/home/viniciusldn/.m2/repository/org/apache/maven/maven-core/3.8.4/maven-core-3.8.4.jar:/home/viniciusldn/.m2/repository/org/apache/maven/maven-artifact/3.8.4/maven-artifact-3.8.4.jar:/home/viniciusldn/.m2/repository/org/codehaus/plexus/plexus-component-annotations/2.1.0/plexus-component-annotations-2.1.0.jar:/home/viniciusldn/.m2/repository/org/apache/maven/maven-plugin-api/3.8.4/maven-plugin-api-3.8.4.jar:/home/viniciusldn/.m2/repository/org/apache/maven/maven-model/3.8.4/maven-model-3.8.4.jar:/home/viniciusldn/.m2/repository/org/apache/maven/maven-model-builder/3.8.4/maven-model-builder-3.8.4.jar:/home/viniciusldn/.m2/repository/org/apache/maven/maven-builder-support/3.8.4/maven-builder-support-3.8.4.jar:/home/viniciusldn/.m2/repository/org/apache/maven/resolver/maven-resolver-api/1.6.3/maven-resolver-api-1.6.3.jar:/home/viniciusldn/.m2/repository/org/apache/maven/resolver/maven-resolver-util/1.6.3/maven-resolver-util-1.6.3.jar:/home/viniciusldn/.m2/repository/org/apache/maven/shared/maven-shared-utils/3.3.4/maven-shared-utils-3.3.4.jar:/home/viniciusldn/.m2/repository/commons-io/commons-io/2.11.0/commons-io-2.11.0.jar:/home/viniciusldn/.m2/repository/com/google/inject/guice/4.2.2/guice-4.2.2-no_aop.jar:/home/viniciusldn/.m2/repository/com/google/guava/guava/31.1-jre/guava-31.1-jre.jar:/home/viniciusldn/.m2/repository/com/google/guava/failureaccess/1.0.1/failureaccess-1.0.1.jar:/home/viniciusldn/.m2/repository/org/codehaus/plexus/plexus-classworlds/2.6.0/plexus-classworlds-2.6.0.jar:/home/viniciusldn/.m2/repository/org/codehaus/plexus/plexus-sec-dispatcher/2.0/plexus-sec-dispatcher-2.0.jar:/home/viniciusldn/.m2/repository/org/codehaus/plexus/plexus-cipher/2.0/plexus-cipher-2.0.jar:/home/viniciusldn/.m2/repository/commons-cli/commons-cli/1.4/commons-cli-1.4.jar:/home/viniciusldn/.m2/repository/org/eclipse/sisu/org.eclipse.sisu.plexus/0.3.5/org.eclipse.sisu.plexus-0.3.5.jar:/home/viniciusldn/.m2/repository/org/apache/maven/maven-settings-builder/3.8.4/maven-settings-builder-3.8.4.jar:/home/viniciusldn/.m2/repository/org/codehaus/plexus/plexus-interpolation/1.26/plexus-interpolation-1.26.jar:/home/viniciusldn/.m2/repository/org/apache/maven/maven-resolver-provider/3.8.4/maven-resolver-provider-3.8.4.jar:/home/viniciusldn/.m2/repository/org/apache/maven/maven-repository-metadata/3.8.4/maven-repository-metadata-3.8.4.jar:/home/viniciusldn/.m2/repository/org/apache/maven/resolver/maven-resolver-spi/1.6.3/maven-resolver-spi-1.6.3.jar:/home/viniciusldn/.m2/repository/org/apache/maven/resolver/maven-resolver-impl/1.6.3/maven-resolver-impl-1.6.3.jar:/home/viniciusldn/.m2/repository/org/codehaus/plexus/plexus-utils/3.3.0/plexus-utils-3.3.0.jar:/home/viniciusldn/.m2/repository/org/apache/maven/resolver/maven-resolver-connector-basic/1.6.3/maven-resolver-connector-basic-1.6.3.jar:/home/viniciusldn/.m2/repository/org/apache/maven/resolver/maven-resolver-transport-wagon/1.6.3/maven-resolver-transport-wagon-1.6.3.jar:/home/viniciusldn/.m2/repository/org/apache/maven/wagon/wagon-http/3.4.3/wagon-http-3.4.3.jar:/home/viniciusldn/.m2/repository/org/apache/maven/wagon/wagon-http-shared/3.4.3/wagon-http-shared-3.4.3.jar:/home/viniciusldn/.m2/repository/org/jsoup/jsoup/1.14.2/jsoup-1.14.2.jar:/home/viniciusldn/.m2/repository/org/apache/maven/wagon/wagon-provider-api/3.4.3/wagon-provider-api-3.4.3.jar:/home/viniciusldn/.m2/repository/org/apache/maven/wagon/wagon-file/3.4.3/wagon-file-3.4.3.jar:/home/viniciusldn/.m2/repository/io/quarkus/quarkus-bootstrap-gradle-resolver/2.10.2.Final/quarkus-bootstrap-gradle-resolver-2.10.2.Final.jar:/home/viniciusldn/.m2/repository/io/smallrye/common/smallrye-common-io/1.13.0/smallrye-common-io-1.13.0.jar:/home/viniciusldn/.m2/repository/org/eclipse/sisu/org.eclipse.sisu.inject/0.3.5/org.eclipse.sisu.inject-0.3.5.jar:/home/viniciusldn/.m2/repository/io/quarkus/quarkus-test-common/2.10.2.Final/quarkus-test-common-2.10.2.Final.jar:/home/viniciusldn/.m2/repository/io/quarkus/quarkus-core-deployment/2.10.2.Final/quarkus-core-deployment-2.10.2.Final.jar:/home/viniciusldn/.m2/repository/org/aesh/readline/2.2/readline-2.2.jar:/home/viniciusldn/.m2/repository/org/fusesource/jansi/jansi/1.18/jansi-1.18.jar:/home/viniciusldn/.m2/repository/org/aesh/aesh/2.6/aesh-2.6.jar:/home/viniciusldn/.m2/repository/io/quarkus/gizmo/gizmo/1.0.11.Final/gizmo-1.0.11.Final.jar:/home/viniciusldn/.m2/repository/org/ow2/asm/asm-util/9.3/asm-util-9.3.jar:/home/viniciusldn/.m2/repository/org/ow2/asm/asm/9.3/asm-9.3.jar:/home/viniciusldn/.m2/repository/org/ow2/asm/asm-commons/9.3/asm-commons-9.3.jar:/home/viniciusldn/.m2/repository/org/ow2/asm/asm-tree/9.3/asm-tree-9.3.jar:/home/viniciusldn/.m2/repository/org/ow2/asm/asm-analysis/9.3/asm-analysis-9.3.jar:/home/viniciusldn/.m2/repository/io/quarkus/quarkus-class-change-agent/2.10.2.Final/quarkus-class-change-agent-2.10.2.Final.jar:/home/viniciusldn/.m2/repository/io/quarkus/quarkus-devtools-utilities/2.10.2.Final/quarkus-devtools-utilities-2.10.2.Final.jar:/home/viniciusldn/.m2/repository/io/quarkus/quarkus-builder/2.10.2.Final/quarkus-builder-2.10.2.Final.jar:/home/viniciusldn/.m2/repository/org/junit/platform/junit-platform-launcher/1.8.2/junit-platform-launcher-1.8.2.jar:/home/viniciusldn/.m2/repository/org/jboss/jandex/2.4.2.Final/jandex-2.4.2.Final.jar:/home/viniciusldn/.m2/repository/io/quarkus/quarkus-junit5-properties/2.10.2.Final/quarkus-junit5-properties-2.10.2.Final.jar:/home/viniciusldn/.m2/repository/org/junit/jupiter/junit-jupiter/5.8.2/junit-jupiter-5.8.2.jar:/home/viniciusldn/.m2/repository/org/junit/jupiter/junit-jupiter-api/5.8.2/junit-jupiter-api-5.8.2.jar:/home/viniciusldn/.m2/repository/org/opentest4j/opentest4j/1.2.0/opentest4j-1.2.0.jar:/home/viniciusldn/.m2/repository/org/junit/platform/junit-platform-commons/1.8.2/junit-platform-commons-1.8.2.jar:/home/viniciusldn/.m2/repository/org/apiguardian/apiguardian-api/1.1.2/apiguardian-api-1.1.2.jar:/home/viniciusldn/.m2/repository/org/junit/jupiter/junit-jupiter-params/5.8.2/junit-jupiter-params-5.8.2.jar:/home/viniciusldn/.m2/repository/org/junit/jupiter/junit-jupiter-engine/5.8.2/junit-jupiter-engine-5.8.2.jar:/home/viniciusldn/.m2/repository/org/junit/platform/junit-platform-engine/1.8.2/junit-platform-engine-1.8.2.jar:/home/viniciusldn/.m2/repository/com/thoughtworks/xstream/xstream/1.4.19/xstream-1.4.19.jar:/home/viniciusldn/.m2/repository/io/github/x-stream/mxparser/1.2.2/mxparser-1.2.2.jar:/home/viniciusldn/.m2/repository/xmlpull/xmlpull/1.1.3.1/xmlpull-1.1.3.1.jar:/home/viniciusldn/.m2/repository/io/rest-assured/rest-assured/4.5.1/rest-assured-4.5.1.jar:/home/viniciusldn/.m2/repository/org/codehaus/groovy/groovy/3.0.9/groovy-3.0.9.jar:/home/viniciusldn/.m2/repository/org/codehaus/groovy/groovy-xml/3.0.9/groovy-xml-3.0.9.jar:/home/viniciusldn/.m2/repository/org/apache/httpcomponents/httpclient/4.5.13/httpclient-4.5.13.jar:/home/viniciusldn/.m2/repository/org/apache/httpcomponents/httpcore/4.4.15/httpcore-4.4.15.jar:/home/viniciusldn/.m2/repository/commons-codec/commons-codec/1.15/commons-codec-1.15.jar:/home/viniciusldn/.m2/repository/org/apache/httpcomponents/httpmime/4.5.13/httpmime-4.5.13.jar:/home/viniciusldn/.m2/repository/org/hamcrest/hamcrest/2.1/hamcrest-2.1.jar:/home/viniciusldn/.m2/repository/org/ccil/cowan/tagsoup/tagsoup/1.2.1/tagsoup-1.2.1.jar:/home/viniciusldn/.m2/repository/io/rest-assured/json-path/4.5.1/json-path-4.5.1.jar:/home/viniciusldn/.m2/repository/org/codehaus/groovy/groovy-json/3.0.9/groovy-json-3.0.9.jar:/home/viniciusldn/.m2/repository/io/rest-assured/rest-assured-common/4.5.1/rest-assured-common-4.5.1.jar:/home/viniciusldn/.m2/repository/io/rest-assured/xml-path/4.5.1/xml-path-4.5.1.jar:/home/viniciusldn/.m2/repository/org/apache/commons/commons-lang3/3.12.0/commons-lang3-3.12.0.jar:"/>
    <property name="sun.cpu.endian" value="little"/>
    <property name="user.home" value="/home/viniciusldn"/>
    <property name="user.language" value="en"/>
    <property name="java.specification.vendor" value="Oracle Corporation"/>
    <property name="io.netty.allocator.maxOrder" value="3"/>
    <property name="java.version.date" value="2022-02-08"/>
    <property name="java.home" value="/usr/lib/jvm/java-11-openjdk-amd64"/>
    <property name="file.separator" value="/"/>
    <property name="basedir" value="/mnt/c/Users/Vinicius/git/AgroTechfields-measure-shelter"/>
    <property name="java.vm.compressedOopsMode" value="Zero based"/>
    <property name="line.separator" value="&#10;"/>
    <property name="java.specification.name" value="Java Platform API Specification"/>
    <property name="java.vm.specification.vendor" value="Oracle Corporation"/>
    <property name="java.awt.graphicsenv" value="sun.awt.X11GraphicsEnvironment"/>
    <property name="surefire.real.class.path" value="/mnt/c/Users/Vinicius/git/AgroTechfields-measure-shelter/target/surefire/surefirebooter-20220717101251904_3.jar"/>
    <property name="sun.management.compiler" value="HotSpot 64-Bit Tiered Compilers"/>
    <property name="java.runtime.version" value="11.0.14.1+1-Ubuntu-0ubuntu1.20.04"/>
    <property name="user.name" value="viniciusldn"/>
    <property name="path.separator" value=":"/>
    <property name="os.version" value="5.10.60.1-microsoft-standard-WSL2"/>
    <property name="java.runtime.name" value="OpenJDK Runtime Environment"/>
    <property name="file.encoding" value="UTF-8"/>
    <property name="jnidispatch.path" value="/home/viniciusldn/.cache/JNA/temp/jna12114200367674804902.tmp"/>
    <property name="java.vm.name" value="OpenJDK 64-Bit Server VM"/>
    <property name="jna.platform.library.path" value="/usr/lib/x86_64-linux-gnu:/lib/x86_64-linux-gnu:/usr/lib64:/lib64:/usr/lib:/lib:/usr/lib/wsl/lib:/usr/lib/x86_64-linux-gnu/libfakeroot"/>
    <property name="localRepository" value="/home/viniciusldn/.m2/repository"/>
    <property name="jna.loaded" value="true"/>
    <property name="java.vendor.url.bug" value="https://bugs.launchpad.net/ubuntu/+source/openjdk-lts"/>
    <property name="java.io.tmpdir" value="/tmp"/>
    <property name="quarkus.log.file.path" value="target/quarkus.log"/>
    <property name="java.version" value="11.0.14.1"/>
    <property name="java.util.concurrent.ForkJoinPool.common.threadFactory" value="io.quarkus.bootstrap.forkjoin.QuarkusForkJoinWorkerThreadFactory"/>
    <property name="user.dir" value="/mnt/c/Users/Vinicius/git/AgroTechfields-measure-shelter"/>
    <property name="os.arch" value="amd64"/>
    <property name="java.vm.specification.name" value="Java Virtual Machine Specification"/>
    <property name="vertx.disableDnsResolver" value="true"/>
    <property name="java.awt.printerjob" value="sun.print.PSPrinterJob"/>
    <property name="sun.os.patch.level" value="unknown"/>
    <property name="java.util.logging.manager" value="org.jboss.logmanager.LogManager"/>
    <property name="java.library.path" value="/usr/java/packages/lib:/usr/lib/x86_64-linux-gnu/jni:/lib/x86_64-linux-gnu:/usr/lib/x86_64-linux-gnu:/usr/lib/jni:/lib:/usr/lib"/>
    <property name="java.vm.info" value="mixed mode, sharing"/>
    <property name="java.vendor" value="Ubuntu"/>
    <property name="vertx.disableTCCL" value="true"/>
    <property name="java.vm.version" value="11.0.14.1+1-Ubuntu-0ubuntu1.20.04"/>
    <property name="sun.io.unicode.encoding" value="UnicodeLittle"/>
    <property name="io.netty.machineId" value="de:6e:db:59:04:ed:6a:7e"/>
    <property name="java.class.version" value="55.0"/>
  </properties>
  <testcase name="testHelloEndpoint" classname="com.betrybe.wiproTest" time="0.028"/>
</testsuite>